<?xml version="1.0" encoding="UTF-8"?>
<!-- Generated by org.testng.reporters.JUnitXMLReporter -->
<testsuite ignored="0" hostname="del1-lhp-n82782" failures="0" tests="5" name="Surefire test" time="3.228" errors="0" timestamp="2023-08-15T00:14:25 IST">
  <testcase classname="com.spotify.oauth2.tests.PlaylistTests" name="ShouldBeAbleToCreatePlaylist_negative_scenario_expiredtoken" time="2.2"/>
  <testcase classname="com.spotify.oauth2.tests.PlaylistTests" name="ShouldBeAbleToCreatePlaylist_negative_scenario_namemissing" time="2.9"/>
  <testcase classname="com.spotify.oauth2.tests.PlaylistTests" name="GetPlaylist" time="2.952"/>
  <testcase classname="com.spotify.oauth2.tests.PlaylistTests" name="UpdatePlaylist" time="3.0"/>
  <testcase classname="com.spotify.oauth2.tests.PlaylistTests" name="ShouldBeAbleToCreatePlaylist" time="3.071"/>
</testsuite> <!-- Surefire test -->
