<?xml version="1.0" encoding="UTF-8"?>
<!-- Generated by org.testng.reporters.JUnitXMLReporter -->
<testsuite ignored="0" hostname="del1-lhp-n82782" failures="5" tests="5" name="Surefire test" time="1.063" errors="0" timestamp="2023-10-02T15:51:32 IST">
  <testcase classname="com.spotify.oauth2.tests.PlaylistTests" name="UpdatePlaylist" time="0.866">
    <failure type="java.lang.RuntimeException" message="ABORT !!! Failed to get token">
      <![CDATA[java.lang.RuntimeException: ABORT !!! Failed to get token
at com.spotify.oauth2.api.TokenManager.get_token(TokenManager.java:45)
at com.spotify.oauth2.api.applicationApi.PlaylistAPI.Update(PlaylistAPI.java:45)
at com.spotify.oauth2.tests.PlaylistTests.UpdatePlaylist(PlaylistTests.java:78)
at java.base/java.util.concurrent.ThreadPoolExecutor.runWorker(ThreadPoolExecutor.java:1136)
at java.base/java.util.concurrent.ThreadPoolExecutor$Worker.run(ThreadPoolExecutor.java:635)
at java.base/java.lang.Thread.run(Thread.java:833)
... Removed 12 stack frames]]>
    </failure>
  </testcase> <!-- UpdatePlaylist -->
  <testcase classname="com.spotify.oauth2.tests.PlaylistTests" name="GetPlaylist" time="0.863">
    <failure type="java.lang.RuntimeException" message="ABORT !!! Failed to get token">
      <![CDATA[java.lang.RuntimeException: ABORT !!! Failed to get token
at com.spotify.oauth2.api.TokenManager.get_token(TokenManager.java:45)
at com.spotify.oauth2.api.applicationApi.PlaylistAPI.Get(PlaylistAPI.java:38)
at com.spotify.oauth2.tests.PlaylistTests.GetPlaylist(PlaylistTests.java:61)
at java.base/java.util.concurrent.ThreadPoolExecutor.runWorker(ThreadPoolExecutor.java:1136)
at java.base/java.util.concurrent.ThreadPoolExecutor$Worker.run(ThreadPoolExecutor.java:635)
at java.base/java.lang.Thread.run(Thread.java:833)
... Removed 12 stack frames]]>
    </failure>
  </testcase> <!-- GetPlaylist -->
  <testcase classname="com.spotify.oauth2.tests.PlaylistTests" name="ShouldBeAbleToCreatePlaylist" time="0.865">
    <failure type="java.lang.RuntimeException" message="ABORT !!! Failed to get token">
      <![CDATA[java.lang.RuntimeException: ABORT !!! Failed to get token
at com.spotify.oauth2.api.TokenManager.get_token(TokenManager.java:45)
at com.spotify.oauth2.api.applicationApi.PlaylistAPI.Post(PlaylistAPI.java:22)
at com.spotify.oauth2.tests.PlaylistTests.ShouldBeAbleToCreatePlaylist(PlaylistTests.java:45)
at java.base/java.util.concurrent.ThreadPoolExecutor.runWorker(ThreadPoolExecutor.java:1136)
at java.base/java.util.concurrent.ThreadPoolExecutor$Worker.run(ThreadPoolExecutor.java:635)
at java.base/java.lang.Thread.run(Thread.java:833)
... Removed 12 stack frames]]>
    </failure>
  </testcase> <!-- ShouldBeAbleToCreatePlaylist -->
  <testcase classname="com.spotify.oauth2.tests.PlaylistTests" name="ShouldBeAbleToCreatePlaylist_negative_scenario_expiredtoken" time="0.862">
    <failure type="java.lang.IllegalArgumentException" message="Base URI cannot be null">
      <![CDATA[java.lang.IllegalArgumentException: Base URI cannot be null
at org.codehaus.groovy.runtime.callsite.ConstructorSite$ConstructorSiteNoUnwrap.callConstructor(ConstructorSite.java:86)
at org.codehaus.groovy.runtime.callsite.CallSiteArray.defaultCallConstructor(CallSiteArray.java:57)
at org.codehaus.groovy.runtime.callsite.AbstractCallSite.callConstructor(AbstractCallSite.java:263)
at org.codehaus.groovy.runtime.callsite.AbstractCallSite.callConstructor(AbstractCallSite.java:277)
at io.restassured.internal.common.assertion.AssertParameter.notNull(AssertParameter.groovy:26)
at io.restassured.internal.common.assertion.AssertParameter$notNull.callStatic(Unknown Source)
at org.codehaus.groovy.runtime.callsite.CallSiteArray.defaultCallStatic(CallSiteArray.java:53)
at org.codehaus.groovy.runtime.callsite.AbstractCallSite.callStatic(AbstractCallSite.java:217)
at org.codehaus.groovy.runtime.callsite.AbstractCallSite.callStatic(AbstractCallSite.java:240)
at io.restassured.internal.RequestSpecificationImpl.baseUri(RequestSpecificationImpl.groovy:704)
at io.restassured.builder.RequestSpecBuilder.setBaseUri(RequestSpecBuilder.java:1112)
at com.spotify.oauth2.api.SpecBuilder.getRequestSpecefication(SpecBuilder.java:18)
at com.spotify.oauth2.api.RestResource.Post(RestResource.java:30)
at com.spotify.oauth2.api.applicationApi.PlaylistAPI.Post(PlaylistAPI.java:30)
at com.spotify.oauth2.tests.PlaylistTests.ShouldBeAbleToCreatePlaylist_negative_scenario_expiredtoken(PlaylistTests.java:114)
at java.base/java.util.concurrent.ThreadPoolExecutor.runWorker(ThreadPoolExecutor.java:1136)
at java.base/java.util.concurrent.ThreadPoolExecutor$Worker.run(ThreadPoolExecutor.java:635)
at java.base/java.lang.Thread.run(Thread.java:833)
... Removed 19 stack frames]]>
    </failure>
  </testcase> <!-- ShouldBeAbleToCreatePlaylist_negative_scenario_expiredtoken -->
  <testcase classname="com.spotify.oauth2.tests.PlaylistTests" name="ShouldBeAbleToCreatePlaylist_negative_scenario_namemissing" time="0.867">
    <failure type="java.lang.RuntimeException" message="ABORT !!! Failed to get token">
      <![CDATA[java.lang.RuntimeException: ABORT !!! Failed to get token
at com.spotify.oauth2.api.TokenManager.get_token(TokenManager.java:45)
at com.spotify.oauth2.api.applicationApi.PlaylistAPI.Post(PlaylistAPI.java:22)
at com.spotify.oauth2.tests.PlaylistTests.ShouldBeAbleToCreatePlaylist_negative_scenario_namemissing(PlaylistTests.java:98)
at java.base/java.util.concurrent.ThreadPoolExecutor.runWorker(ThreadPoolExecutor.java:1136)
at java.base/java.util.concurrent.ThreadPoolExecutor$Worker.run(ThreadPoolExecutor.java:635)
at java.base/java.lang.Thread.run(Thread.java:833)
... Removed 12 stack frames]]>
    </failure>
  </testcase> <!-- ShouldBeAbleToCreatePlaylist_negative_scenario_namemissing -->
</testsuite> <!-- Surefire test -->
