<?xml version="1.0" encoding="UTF-8"?>
<!-- Generated by org.testng.reporters.JUnitXMLReporter -->
<testsuite ignored="1" hostname="LAPTOP-5S2C237C" failures="0" tests="1" name="Default test" time="5.247" errors="0" timestamp="2024-06-21T22:19:10 IST">
  <testcase classname="com.spotify.oauth2.tests.ArtistTests" name="getSeveralArtists" time="4.954"/>
  <testcase classname="com.spotify.oauth2.tests.ArtistTests" name="getArtist" time="0.0">
    <ignored/>
  </testcase> <!-- getArtist -->
</testsuite> <!-- Default test -->
