<?xml version="1.0" encoding="UTF-8"?>
<!-- Generated by org.testng.reporters.JUnitXMLReporter -->
<testsuite ignored="0" hostname="LAPTOP-5S2C237C" failures="0" tests="7" name="Test" time="5.088" errors="0" timestamp="2024-04-28T17:50:37 IST">
  <testcase classname="com.spotify.oauth2.tests.ArtistTests" name="getArtist" time="3.403"/>
  <testcase classname="com.spotify.oauth2.tests.ArtistTests" name="getSeveralArtists" time="0.218"/>
  <testcase classname="com.spotify.oauth2.tests.PlaylistTests" name="GetPlaylist" time="0.301"/>
  <testcase classname="com.spotify.oauth2.tests.PlaylistTests" name="ShouldBeAbleToCreatePlaylist" time="0.426"/>
  <testcase classname="com.spotify.oauth2.tests.PlaylistTests" name="ShouldBeAbleToCreatePlaylist_negative_scenario_expiredtoken" time="0.177"/>
  <testcase classname="com.spotify.oauth2.tests.PlaylistTests" name="ShouldBeAbleToCreatePlaylist_negative_scenario_namemissing" time="0.177"/>
  <testcase classname="com.spotify.oauth2.tests.PlaylistTests" name="UpdatePlaylist" time="0.249"/>
</testsuite> <!-- Test -->
