<?xml version="1.0" encoding="UTF-8"?>
<testsuite xmlns:xsi="http://www.w3.org/2001/XMLSchema-instance" xsi:noNamespaceSchemaLocation="https://maven.apache.org/surefire/maven-surefire-plugin/xsd/surefire-test-report-3.0.xsd" version="3.0" name="TestSuite" time="4.092" tests="5" errors="0" skipped="0" failures="0">
  <properties>
[...]
</properties>
  <testcase name="ShouldBeAbleToCreatePlaylist_negative_scenario_expiredtoken" classname="com.spotify.oauth2.tests.PlaylistTests" time="2.208">
    <system-out><![CDATA[STARTING TEST....:UpdatePlaylist
STARTING TEST....:GetPlaylist
STARTING TEST....:ShouldBeAbleToCreatePlaylist
STARTING TEST....:ShouldBeAbleToCreatePlaylist_negative_scenario_expiredtoken
STARTING TEST....:ShouldBeAbleToCreatePlaylist_negative_scenario_namemissing
Thread ID28
Thread ID25
Thread ID24
Thread ID26
Thread ID27
Renewing token...
Request method:	POST
Request URI:	https://accounts.spotify.com/api/token
Proxy:			<none>
Request params:	<none>
Query params:	<none>
Form params:	refresh_token=AQBbksxGXOPaWWukwfVgShjhtFnn8cP-j8IiOfz-e2AuIO78OIIOppmi0KqQ9JaMiG0wxeEJL8CbXRbS-aK_JFf9TJ9KiZH5t2OKWeSazWilGQL2QOKKeap_5QOUAESW2IY
				grant_type=refresh_token
				client_secret=934d40acbde349509df3ffe3811220f4
				client_id=d4b338852fe6407c963eb9050e62bc4c
Path params:	<none>
Headers:		Accept=*/*
				Content-Type=application/x-www-form-urlencoded; charset=ISO-8859-1
Cookies:		<none>
Multiparts:		<none>
Body:			<none>
Request method:	POST
Request URI:	https://api.spotify.com/v1/users/h9x04fizo1rcd86beet3hm8yd/playlists
Proxy:			<none>
Request params:	<none>
Query params:	<none>
Form params:	<none>
Path params:	<none>
Headers:		Accept=*/*
				Content-Type=application/json
Cookies:		<none>
Multiparts:		<none>
Body:
{
    "description": "Framework updated playlist",
    "name": "",
    "public": false
}
HTTP/1.1 401 Unauthorized
www-authenticate: Bearer realm="spotify", error="invalid_token", error_description="Invalid access token"
access-control-allow-origin: *
access-control-allow-headers: Accept, App-Platform, Authorization, Content-Type, Origin, Retry-After, Spotify-App-Version, X-Cloud-Trace-Context, client-token, content-access-token
access-control-allow-methods: GET, POST, OPTIONS, PUT, DELETE, PATCH
access-control-allow-credentials: true
access-control-max-age: 604800
content-type: application/json
content-encoding: gzip
strict-transport-security: max-age=31536000
x-content-type-options: nosniff
date: Mon, 14 Aug 2023 18:44:24 GMT
server: envoy
Via: HTTP/2 edgeproxy, 1.1 google
Alt-Svc: h3=":443"; ma=2592000,h3-29=":443"; ma=2592000
Transfer-Encoding: chunked

{
    "error": {
        "status": 401,
        "message": "Invalid access token"
    }
}
HTTP/1.1 200 OK
date: Mon, 14 Aug 2023 18:44:24 GMT
content-type: application/json
vary: Accept-Encoding
set-cookie: __Host-device_id=AQD5hsnpKlSujhzZNT_gr_hyxlueTForAKFjTzbBZ7xfifuJKcFRF14ns8WmybJ-8JU3Ager1AT9Ol3IPIjJxP0FG9ecWJSrphg;Version=1;Path=/;Max-Age=2147483647;Secure;HttpOnly;SameSite=Lax
set-cookie: sp_tr=false;Version=1;Domain=accounts.spotify.com;Path=/;Secure;SameSite=Lax
sp-trace-id: 78d0bfed5808ef3c
content-encoding: gzip
x-envoy-upstream-service-time: 27
server: envoy
strict-transport-security: max-age=31536000
x-content-type-options: nosniff
Via: HTTP/2 edgeproxy, 1.1 google
Alt-Svc: h3=":443"; ma=2592000,h3-29=":443"; ma=2592000
Transfer-Encoding: chunked

{
    "access_token": "BQATlBc3CDAIMYGZ_7OHWQ2aGJQo_xtZBSTYwwye8cgVuDSnI887hbvsmbqWVgo9gsXZYEPmVBmP3nmjSiWg1k1ZDw49ccpYkddwOUq4VPHPMZljmzqmDilgHqpEPdO67OtPFnSARWjxfNIJd4gkFG2YXRceMQDBmguyFo6SlbqZJuhTOhbOD63zyO8jrgjLg_5yBp5EBmZQyA3vutkIdNDw_dmNz6BcepKC9b-nkh9XunJSPO1YZHEzrQll0890vOwaKV4zhn0Q",
    "token_type": "Bearer",
    "expires_in": 3600,
    "scope": "playlist-read-private playlist-read-collaborative playlist-modify-private playlist-modify-public"
}
]]></system-out>
    <system-err><![CDATA[SLF4J: Failed to load class "org.slf4j.impl.StaticLoggerBinder".
SLF4J: Defaulting to no-operation (NOP) logger implementation
SLF4J: See http://www.slf4j.org/codes.html#StaticLoggerBinder for further details.
]]></system-err>
  </testcase>
  <testcase name="ShouldBeAbleToCreatePlaylist_negative_scenario_namemissing" classname="com.spotify.oauth2.tests.PlaylistTests" time="2.9">
    <system-out><![CDATA[Token is Good to Use
Token is Good to Use
Token is Good to Use
Request method:	GET
Request URI:	https://api.spotify.com/v1/playlists/1GWGkEdrjcaI8ZO4A4RAwm
Proxy:			<none>
Request params:	<none>
Query params:	<none>
Form params:	<none>
Path params:	<none>
Headers:		Accept=*/*
				Content-Type=application/json
Cookies:		<none>
Multiparts:		<none>
Body:			<none>
Request method:	POST
Request URI:	https://api.spotify.com/v1/users/h9x04fizo1rcd86beet3hm8yd/playlists
Proxy:			<none>
Request params:	<none>
Query params:	<none>
Form params:	<none>
Path params:	<none>
Headers:		Accept=*/*
				Content-Type=application/json
Cookies:		<none>
Multiparts:		<none>
Body:
{
    "description": "DescriptionoVcZ50_&8&___5_xRIb__M&_6n_&4p_qa4&eUi&eOUA&Ok&Va_",
    "name": "Playlist,_Wc_1S_X6,52_-F73Yl",
    "public": false
}
Request method:	PUT
Request URI:	https://api.spotify.com/v1/playlists/1k13LGKEjuQrEDsUP4WE2b
Proxy:			<none>
Request params:	<none>
Query params:	<none>
Form params:	<none>
Path params:	<none>
Headers:		Accept=*/*
				Content-Type=application/json
Cookies:		<none>
Multiparts:		<none>
Body:
{
    "description": "Description&8F_1/sw&6C_17b&81LKzM_&Z_n_&f_FXSC4&&Rf_-X_Q&n&&s",
    "name": "Playlist-_,Vr,_71-0-_b-3,_i2",
    "public": false
}
Request method:	POST
Request URI:	https://api.spotify.com/v1/users/h9x04fizo1rcd86beet3hm8yd/playlists
Proxy:			<none>
Request params:	<none>
Query params:	<none>
Form params:	<none>
Path params:	<none>
Headers:		Accept=*/*
				Content-Type=application/json
Cookies:		<none>
Multiparts:		<none>
Body:
{
    "description": "Description5@m&I,&&&7Xx_WFY_&__r,C_gp4&&r1_,C_w4i,p&Nn&&9r._,",
    "name": "",
    "public": false
}
HTTP/1.1 400 Bad Request
content-type: application/json; charset=utf-8
cache-control: private, max-age=0
x-robots-tag: noindex, nofollow
access-control-allow-origin: *
access-control-allow-headers: Accept, App-Platform, Authorization, Content-Type, Origin, Retry-After, Spotify-App-Version, X-Cloud-Trace-Context, client-token, content-access-token
access-control-allow-methods: GET, POST, OPTIONS, PUT, DELETE, PATCH
access-control-allow-credentials: true
access-control-max-age: 604800
content-encoding: gzip
strict-transport-security: max-age=31536000
x-content-type-options: nosniff
date: Mon, 14 Aug 2023 18:44:25 GMT
server: envoy
Via: HTTP/2 edgeproxy, 1.1 google
Alt-Svc: h3=":443"; ma=2592000,h3-29=":443"; ma=2592000
Transfer-Encoding: chunked

{
    "error": {
        "status": 400,
        "message": "Missing required field: name"
    }
}
]]></system-out>
  </testcase>
  <testcase name="GetPlaylist" classname="com.spotify.oauth2.tests.PlaylistTests" time="2.954">
    <system-out><![CDATA[HTTP/1.1 200 OK
content-type: application/json; charset=utf-8
cache-control: public, max-age=0
etag: "MC-ImViNzI3MGZjYzQwZjhkMDYwMzI2ZGQ2ZmRmMGJjYzEyIg=="
x-robots-tag: noindex, nofollow
access-control-allow-origin: *
access-control-allow-headers: Accept, App-Platform, Authorization, Content-Type, Origin, Retry-After, Spotify-App-Version, X-Cloud-Trace-Context, client-token, content-access-token
access-control-allow-methods: GET, POST, OPTIONS, PUT, DELETE, PATCH
access-control-allow-credentials: true
access-control-max-age: 604800
content-encoding: gzip
strict-transport-security: max-age=31536000
x-content-type-options: nosniff
date: Mon, 14 Aug 2023 18:44:25 GMT
server: envoy
Via: HTTP/2 edgeproxy, 1.1 google
Alt-Svc: h3=":443"; ma=2592000,h3-29=":443"; ma=2592000
Transfer-Encoding: chunked

{
    "collaborative": false,
    "description": "Framework playlist",
    "external_urls": {
        "spotify": "https://open.spotify.com/playlist/1GWGkEdrjcaI8ZO4A4RAwm"
    },
    "followers": {
        "href": null,
        "total": 0
    },
    "href": "https://api.spotify.com/v1/playlists/1GWGkEdrjcaI8ZO4A4RAwm",
    "id": "1GWGkEdrjcaI8ZO4A4RAwm",
    "images": [
        
    ],
    "name": "Pojo playlist",
    "owner": {
        "display_name": "h9x04fizo1rcd86beet3hm8yd",
        "external_urls": {
            "spotify": "https://open.spotify.com/user/h9x04fizo1rcd86beet3hm8yd"
        },
        "href": "https://api.spotify.com/v1/users/h9x04fizo1rcd86beet3hm8yd",
        "id": "h9x04fizo1rcd86beet3hm8yd",
        "type": "user",
        "uri": "spotify:user:h9x04fizo1rcd86beet3hm8yd"
    },
    "primary_color": null,
    "public": false,
    "snapshot_id": "Miw5MWRjMDVkMWUzNmJhZDQyYzMzYTI5NzJhOTAwZmJiZGIxNmY4YjMy",
    "tracks": {
        "href": "https://api.spotify.com/v1/playlists/1GWGkEdrjcaI8ZO4A4RAwm/tracks?offset=0&limit=100",
        "items": [
            
        ],
        "limit": 100,
        "next": null,
        "offset": 0,
        "previous": null,
        "total": 0
    },
    "type": "playlist",
    "uri": "spotify:playlist:1GWGkEdrjcaI8ZO4A4RAwm"
}
]]></system-out>
  </testcase>
  <testcase name="UpdatePlaylist" classname="com.spotify.oauth2.tests.PlaylistTests" time="3.001">
    <system-out><![CDATA[HTTP/1.1 200 OK
cache-control: private, max-age=0
x-robots-tag: noindex, nofollow
access-control-allow-origin: *
access-control-allow-headers: Accept, App-Platform, Authorization, Content-Type, Origin, Retry-After, Spotify-App-Version, X-Cloud-Trace-Context, client-token, content-access-token
access-control-allow-methods: GET, POST, OPTIONS, PUT, DELETE, PATCH
access-control-allow-credentials: true
access-control-max-age: 604800
Content-Length: 0
strict-transport-security: max-age=31536000
x-content-type-options: nosniff
date: Mon, 14 Aug 2023 18:44:25 GMT
server: envoy
Via: HTTP/2 edgeproxy, 1.1 google
Alt-Svc: h3=":443"; ma=2592000,h3-29=":443"; ma=2592000
]]></system-out>
  </testcase>
  <testcase name="ShouldBeAbleToCreatePlaylist" classname="com.spotify.oauth2.tests.PlaylistTests" time="3.075">
    <system-out><![CDATA[HTTP/1.1 201 Created
content-type: application/json; charset=utf-8
cache-control: private, max-age=0
location: https://api.spotify.com/v1/playlists/6LVIGw8LHD20uvkuBaOZKl
x-robots-tag: noindex, nofollow
access-control-allow-origin: *
access-control-allow-headers: Accept, App-Platform, Authorization, Content-Type, Origin, Retry-After, Spotify-App-Version, X-Cloud-Trace-Context, client-token, content-access-token
access-control-allow-methods: GET, POST, OPTIONS, PUT, DELETE, PATCH
access-control-allow-credentials: true
access-control-max-age: 604800
content-encoding: gzip
strict-transport-security: max-age=31536000
x-content-type-options: nosniff
date: Mon, 14 Aug 2023 18:44:25 GMT
server: envoy
Via: HTTP/2 edgeproxy, 1.1 google
Alt-Svc: h3=":443"; ma=2592000,h3-29=":443"; ma=2592000
Transfer-Encoding: chunked

{
    "collaborative": false,
    "description": "DescriptionoVcZ50_&8&___5_xRIb__M&_6n_&4p_qa4&eUi&eOUA&Ok&Va_",
    "external_urls": {
        "spotify": "https://open.spotify.com/playlist/6LVIGw8LHD20uvkuBaOZKl"
    },
    "followers": {
        "href": null,
        "total": 0
    },
    "href": "https://api.spotify.com/v1/playlists/6LVIGw8LHD20uvkuBaOZKl",
    "id": "6LVIGw8LHD20uvkuBaOZKl",
    "images": [
        
    ],
    "name": "Playlist,_Wc_1S_X6,52_-F73Yl",
    "owner": {
        "display_name": "h9x04fizo1rcd86beet3hm8yd",
        "external_urls": {
            "spotify": "https://open.spotify.com/user/h9x04fizo1rcd86beet3hm8yd"
        },
        "href": "https://api.spotify.com/v1/users/h9x04fizo1rcd86beet3hm8yd",
        "id": "h9x04fizo1rcd86beet3hm8yd",
        "type": "user",
        "uri": "spotify:user:h9x04fizo1rcd86beet3hm8yd"
    },
    "primary_color": null,
    "public": false,
    "snapshot_id": "MSxlMWVmZWQxNjY4ZWJlYjY0NmMzMzc5YjY2MTBmOWVhNzEzODlhMTIz",
    "tracks": {
        "href": "https://api.spotify.com/v1/playlists/6LVIGw8LHD20uvkuBaOZKl/tracks",
        "items": [
            
        ],
        "limit": 100,
        "next": null,
        "offset": 0,
        "previous": null,
        "total": 0
    },
    "type": "playlist",
    "uri": "spotify:playlist:6LVIGw8LHD20uvkuBaOZKl"
}
]]></system-out>
  </testcase>
</testsuite>