<?xml version="1.0" encoding="UTF-8"?>
<testsuite xmlns:xsi="http://www.w3.org/2001/XMLSchema-instance" xsi:noNamespaceSchemaLocation="https://maven.apache.org/surefire/maven-surefire-plugin/xsd/surefire-test-report-3.0.xsd" version="3.0" name="TestSuite" time="7.162" tests="5" errors="0" skipped="0" failures="0">
  <properties>
[...]
</properties>
  <testcase name="ShouldBeAbleToCreatePlaylist_negative_scenario_expiredtoken" classname="com.spotify.oauth2.tests.PlaylistTests" time="3.979">
    <system-out><![CDATA[STARTING TEST....:GetPlaylist
STARTING TEST....:ShouldBeAbleToCreatePlaylist
STARTING TEST....:ShouldBeAbleToCreatePlaylist_negative_scenario_namemissing
STARTING TEST....:ShouldBeAbleToCreatePlaylist_negative_scenario_expiredtoken
Thread ID25
Thread ID26
Thread ID24
Thread ID27
STARTING TEST....:UpdatePlaylist
Thread ID28
Renewing token...
Request method:	POST
Request URI:	https://accounts.spotify.com/api/token
Proxy:			<none>
Request params:	<none>
Query params:	<none>
Form params:	refresh_token=AQBbksxGXOPaWWukwfVgShjhtFnn8cP-j8IiOfz-e2AuIO78OIIOppmi0KqQ9JaMiG0wxeEJL8CbXRbS-aK_JFf9TJ9KiZH5t2OKWeSazWilGQL2QOKKeap_5QOUAESW2IY
				grant_type=refresh_token
				client_secret=934d40acbde349509df3ffe3811220f4
				client_id=d4b338852fe6407c963eb9050e62bc4c
Path params:	<none>
Headers:		Accept=*/*
				Content-Type=application/x-www-form-urlencoded; charset=ISO-8859-1
Cookies:		<none>
Multiparts:		<none>
Body:			<none>
Request method:	POST
Request URI:	https://api.spotify.com/v1/users/h9x04fizo1rcd86beet3hm8yd/playlists
Proxy:			<none>
Request params:	<none>
Query params:	<none>
Form params:	<none>
Path params:	<none>
Headers:		Accept=*/*
				Content-Type=application/json
Cookies:		<none>
Multiparts:		<none>
Body:
{
    "description": "Framework updated playlist",
    "name": "",
    "public": false
}
HTTP/1.1 401 Unauthorized
www-authenticate: Bearer realm="spotify", error="invalid_token", error_description="Invalid access token"
access-control-allow-origin: *
access-control-allow-headers: Accept, App-Platform, Authorization, Content-Type, Origin, Retry-After, Spotify-App-Version, X-Cloud-Trace-Context, client-token, content-access-token
access-control-allow-methods: GET, POST, OPTIONS, PUT, DELETE, PATCH
access-control-allow-credentials: true
access-control-max-age: 604800
content-type: application/json
content-encoding: gzip
strict-transport-security: max-age=31536000
x-content-type-options: nosniff
date: Sun, 14 Apr 2024 13:09:59 GMT
server: envoy
Via: HTTP/2 edgeproxy, 1.1 google
Alt-Svc: h3=":443"; ma=2592000,h3-29=":443"; ma=2592000
Transfer-Encoding: chunked

{
    "error": {
        "status": 401,
        "message": "Invalid access token"
    }
}
HTTP/1.1 200 OK
date: Sun, 14 Apr 2024 13:09:59 GMT
content-type: application/json
vary: Accept-Encoding
set-cookie: __Host-device_id=AQBdT35S1n0gVVJgTI83kWVQQh8f0ris9SovaSU6nJVRXLvKWWUk7BeMzDYhXJ-WVG78kChCCtw4vJEjBrmmhGTM3bRtqAZpcIk;Version=1;Path=/;Max-Age=2147483647;Secure;HttpOnly;SameSite=Lax
set-cookie: sp_tr=false;Version=1;Domain=accounts.spotify.com;Path=/;Secure;SameSite=Lax
sp-trace-id: 00d063120a2c219a
content-encoding: gzip
x-envoy-upstream-service-time: 24
server: envoy
strict-transport-security: max-age=31536000
x-content-type-options: nosniff
Via: HTTP/2 edgeproxy, 1.1 google
Alt-Svc: h3=":443"; ma=2592000,h3-29=":443"; ma=2592000
Transfer-Encoding: chunked

{
    "access_token": "BQAUHSapXmFdbWkZGP4dDz594ZAcN7RC41OEBKvWaFdwwiACoMEAj057HD54HJrMUrpczZUEeicbhXCqvK3XYkdsus6HdjU2tRPi9lRyEsuVPc68CzAaVatvx18rRvvvpoYojScl0at02VP7uaDwIVVhu_Na2KVTmfrPWWS4AiBxOF27gPikxbiioyZtM_mor6gIFAHeykaTnidz09CcwmTo6NHR8NpkjFvpyKPGXawI1JPrj4Vs5fN3jX8nGt74QfH7TqZjxXqG",
    "token_type": "Bearer",
    "expires_in": 3600,
    "scope": "playlist-read-private playlist-read-collaborative playlist-modify-private playlist-modify-public"
}
]]></system-out>
    <system-err><![CDATA[SLF4J: Failed to load class "org.slf4j.impl.StaticLoggerBinder".
SLF4J: Defaulting to no-operation (NOP) logger implementation
SLF4J: See http://www.slf4j.org/codes.html#StaticLoggerBinder for further details.
]]></system-err>
  </testcase>
  <testcase name="ShouldBeAbleToCreatePlaylist_negative_scenario_namemissing" classname="com.spotify.oauth2.tests.PlaylistTests" time="5.109">
    <system-out><![CDATA[Token is Good to Use
Token is Good to Use
Token is Good to Use
Request method:	GET
Request URI:	https://api.spotify.com/v1/playlists/1GWGkEdrjcaI8ZO4A4RAwm
Proxy:			<none>
Request params:	<none>
Query params:	<none>
Form params:	<none>
Path params:	<none>
Headers:		Accept=*/*
				Content-Type=application/json
Cookies:		<none>
Multiparts:		<none>
Body:			<none>
Request method:	POST
Request URI:	https://api.spotify.com/v1/users/h9x04fizo1rcd86beet3hm8yd/playlists
Proxy:			<none>
Request params:	<none>
Query params:	<none>
Form params:	<none>
Path params:	<none>
Headers:		Accept=*/*
				Content-Type=application/json
Cookies:		<none>
Multiparts:		<none>
Body:
{
    "description": "Description&&SwFv7_&&GnTyY2y6R_Gbz@__4&&Uo_p__v_T&_",
    "name": "",
    "public": false
}
Request method:	POST
Request URI:	https://api.spotify.com/v1/users/h9x04fizo1rcd86beet3hm8yd/playlists
Proxy:			<none>
Request params:	<none>
Query params:	<none>
Form params:	<none>
Path params:	<none>
Headers:		Accept=*/*
				Content-Type=application/json
Cookies:		<none>
Multiparts:		<none>
Body:
{
    "description": "Description52&g&f,y_8_f3R21F2&_H17___-r&xY&JJ_5a_n_",
    "name": "Playlist_Gy_7EQU-w_NT-W_n,_a",
    "public": false
}
Request method:	PUT
Request URI:	https://api.spotify.com/v1/playlists/1k13LGKEjuQrEDsUP4WE2b
Proxy:			<none>
Request params:	<none>
Query params:	<none>
Form params:	<none>
Path params:	<none>
Headers:		Accept=*/*
				Content-Type=application/json
Cookies:		<none>
Multiparts:		<none>
Body:
{
    "description": "Description&Wd_/M-4&3p&R_FWkk&&,a_H9I_3&o&_&&&2L__-",
    "name": "PlaylistS_,h2_,HF-_-,-N_-9Ld",
    "public": false
}
HTTP/1.1 400 Bad Request
content-type: application/json; charset=utf-8
cache-control: private, max-age=0
x-robots-tag: noindex, nofollow
access-control-allow-origin: *
access-control-allow-headers: Accept, App-Platform, Authorization, Content-Type, Origin, Retry-After, Spotify-App-Version, X-Cloud-Trace-Context, client-token, content-access-token
access-control-allow-methods: GET, POST, OPTIONS, PUT, DELETE, PATCH
access-control-allow-credentials: true
access-control-max-age: 604800
content-encoding: gzip
strict-transport-security: max-age=31536000
x-content-type-options: nosniff
date: Sun, 14 Apr 2024 13:10:00 GMT
server: envoy
Via: HTTP/2 edgeproxy, 1.1 google
Alt-Svc: h3=":443"; ma=2592000,h3-29=":443"; ma=2592000
Transfer-Encoding: chunked

{
    "error": {
        "status": 400,
        "message": "Missing required field: name"
    }
}
]]></system-out>
  </testcase>
  <testcase name="GetPlaylist" classname="com.spotify.oauth2.tests.PlaylistTests" time="5.179">
    <system-out><![CDATA[HTTP/1.1 200 OK
content-type: application/json; charset=utf-8
cache-control: public, max-age=0
etag: "MC-ImM1MmFlNGY1NGEzYWVjZDkyNWYzZmQ4Mjk4YjczNGQ2Ig=="
x-robots-tag: noindex, nofollow
access-control-allow-origin: *
access-control-allow-headers: Accept, App-Platform, Authorization, Content-Type, Origin, Retry-After, Spotify-App-Version, X-Cloud-Trace-Context, client-token, content-access-token
access-control-allow-methods: GET, POST, OPTIONS, PUT, DELETE, PATCH
access-control-allow-credentials: true
access-control-max-age: 604800
content-encoding: gzip
strict-transport-security: max-age=31536000
x-content-type-options: nosniff
date: Sun, 14 Apr 2024 13:10:00 GMT
server: envoy
Via: HTTP/2 edgeproxy, 1.1 google
Alt-Svc: h3=":443"; ma=2592000,h3-29=":443"; ma=2592000
Transfer-Encoding: chunked

{
    "collaborative": false,
    "description": "Framework playlist",
    "external_urls": {
        "spotify": "https://open.spotify.com/playlist/1GWGkEdrjcaI8ZO4A4RAwm"
    },
    "followers": {
        "href": null,
        "total": 0
    },
    "href": "https://api.spotify.com/v1/playlists/1GWGkEdrjcaI8ZO4A4RAwm",
    "id": "1GWGkEdrjcaI8ZO4A4RAwm",
    "images": null,
    "name": "Pojo playlist",
    "owner": {
        "display_name": "h9x04fizo1rcd86beet3hm8yd",
        "external_urls": {
            "spotify": "https://open.spotify.com/user/h9x04fizo1rcd86beet3hm8yd"
        },
        "href": "https://api.spotify.com/v1/users/h9x04fizo1rcd86beet3hm8yd",
        "id": "h9x04fizo1rcd86beet3hm8yd",
        "type": "user",
        "uri": "spotify:user:h9x04fizo1rcd86beet3hm8yd"
    },
    "primary_color": null,
    "public": true,
    "snapshot_id": "NCxiNjQzZGE1MWQzNzdjOTkwODUwNzA2NGYwZmRjYjkwMGQ3MGE3YzIz",
    "tracks": {
        "href": "https://api.spotify.com/v1/playlists/1GWGkEdrjcaI8ZO4A4RAwm/tracks?offset=0&limit=0",
        "items": [
            
        ],
        "limit": 0,
        "next": null,
        "offset": 0,
        "previous": null,
        "total": 0
    },
    "type": "playlist",
    "uri": "spotify:playlist:1GWGkEdrjcaI8ZO4A4RAwm"
}
]]></system-out>
  </testcase>
  <testcase name="ShouldBeAbleToCreatePlaylist" classname="com.spotify.oauth2.tests.PlaylistTests" time="5.234">
    <system-out><![CDATA[HTTP/1.1 201 Created
content-type: application/json; charset=utf-8
cache-control: private, max-age=0
x-robots-tag: noindex, nofollow
access-control-allow-origin: *
access-control-allow-headers: Accept, App-Platform, Authorization, Content-Type, Origin, Retry-After, Spotify-App-Version, X-Cloud-Trace-Context, client-token, content-access-token
access-control-allow-methods: GET, POST, OPTIONS, PUT, DELETE, PATCH
access-control-allow-credentials: true
access-control-max-age: 604800
content-encoding: gzip
strict-transport-security: max-age=31536000
x-content-type-options: nosniff
date: Sun, 14 Apr 2024 13:10:00 GMT
server: envoy
Via: HTTP/2 edgeproxy, 1.1 google
Alt-Svc: h3=":443"; ma=2592000,h3-29=":443"; ma=2592000
Transfer-Encoding: chunked

{
    "collaborative": false,
    "description": "Description52&g&f,y_8_f3R21F2&_H17___-r&xY&JJ_5a_n_",
    "external_urls": {
        "spotify": "https://open.spotify.com/playlist/2fUsKvWt745ftVLo5oVPkJ"
    },
    "followers": {
        "href": null,
        "total": 0
    },
    "href": "https://api.spotify.com/v1/playlists/2fUsKvWt745ftVLo5oVPkJ",
    "id": "2fUsKvWt745ftVLo5oVPkJ",
    "images": [
        
    ],
    "primary_color": null,
    "name": "Playlist_Gy_7EQU-w_NT-W_n,_a",
    "type": "playlist",
    "uri": "spotify:playlist:2fUsKvWt745ftVLo5oVPkJ",
    "owner": {
        "href": "https://api.spotify.com/v1/users/a45755f2d1804d67bf4dcc3b75ab4de6",
        "id": "a45755f2d1804d67bf4dcc3b75ab4de6",
        "type": "user",
        "uri": "spotify:user:a45755f2d1804d67bf4dcc3b75ab4de6",
        "display_name": null,
        "external_urls": {
            "spotify": "https://open.spotify.com/user/a45755f2d1804d67bf4dcc3b75ab4de6"
        }
    },
    "public": false,
    "snapshot_id": "MTA3LDNhOGU4YzdhM2MxMDAzMGRjMzUwMWZjZGNkN2NkODRmZTBlMTU0NTM=",
    "tracks": {
        "limit": 100,
        "next": null,
        "offset": 0,
        "previous": null,
        "href": "https://api.spotify.com/v1/playlists/2fUsKvWt745ftVLo5oVPkJ/tracks",
        "total": 0,
        "items": [
            
        ]
    }
}
]]></system-out>
  </testcase>
  <testcase name="UpdatePlaylist" classname="com.spotify.oauth2.tests.PlaylistTests" time="5.24">
    <system-out><![CDATA[HTTP/1.1 200 OK
content-type: application/json; charset=utf-8
cache-control: private, max-age=0
x-robots-tag: noindex, nofollow
access-control-allow-origin: *
access-control-allow-headers: Accept, App-Platform, Authorization, Content-Type, Origin, Retry-After, Spotify-App-Version, X-Cloud-Trace-Context, client-token, content-access-token
access-control-allow-methods: GET, POST, OPTIONS, PUT, DELETE, PATCH
access-control-allow-credentials: true
access-control-max-age: 604800
Content-Length: 0
strict-transport-security: max-age=31536000
x-content-type-options: nosniff
date: Sun, 14 Apr 2024 13:10:01 GMT
server: envoy
Via: HTTP/2 edgeproxy, 1.1 google
Alt-Svc: h3=":443"; ma=2592000,h3-29=":443"; ma=2592000
]]></system-out>
  </testcase>
</testsuite>