<?xml version="1.0" encoding="UTF-8"?>
<testng-results ignored="0" total="5" passed="5" failed="0" skipped="0">
  <reporter-output>
  </reporter-output>
  <suite started-at="2023-08-15T00:44:08 IST" name="Default suite" finished-at="2023-08-15T00:44:13 IST" duration-ms="4590">
    <groups>
    </groups>
    <test started-at="2023-08-15T00:44:08 IST" name="Default test" finished-at="2023-08-15T00:44:13 IST" duration-ms="4590">
      <class name="com.spotify.oauth2.tests.PlaylistTests">
        <test-method is-config="true" signature="beforeMethod(java.lang.reflect.Method)[pri:0, instance:com.spotify.oauth2.tests.PlaylistTests@1d25c1c]" started-at="2023-08-15T00:44:08 IST" name="beforeMethod" finished-at="2023-08-15T00:44:08 IST" duration-ms="15" status="PASS">
          <params>
            <param index="0">
              <value>
                <![CDATA[public void com.spotify.oauth2.tests.PlaylistTests.GetPlaylist()]]>
              </value>
            </param>
          </params>
          <reporter-output>
          </reporter-output>
        </test-method> <!-- beforeMethod -->
        <test-method signature="GetPlaylist()[pri:0, instance:com.spotify.oauth2.tests.PlaylistTests@1d25c1c]" started-at="2023-08-15T00:44:08 IST" name="GetPlaylist" finished-at="2023-08-15T00:44:12 IST" duration-ms="3189" status="PASS">
          <reporter-output>
          </reporter-output>
        </test-method> <!-- GetPlaylist -->
        <test-method is-config="true" signature="beforeMethod(java.lang.reflect.Method)[pri:0, instance:com.spotify.oauth2.tests.PlaylistTests@1d25c1c]" started-at="2023-08-15T00:44:12 IST" name="beforeMethod" finished-at="2023-08-15T00:44:12 IST" duration-ms="0" status="PASS">
          <params>
            <param index="0">
              <value>
                <![CDATA[public void com.spotify.oauth2.tests.PlaylistTests.ShouldBeAbleToCreatePlaylist()]]>
              </value>
            </param>
          </params>
          <reporter-output>
          </reporter-output>
        </test-method> <!-- beforeMethod -->
        <test-method signature="ShouldBeAbleToCreatePlaylist()[pri:0, instance:com.spotify.oauth2.tests.PlaylistTests@1d25c1c]" started-at="2023-08-15T00:44:12 IST" name="ShouldBeAbleToCreatePlaylist" description="Should be able to create a playlist" finished-at="2023-08-15T00:44:12 IST" duration-ms="515" status="PASS">
          <reporter-output>
          </reporter-output>
        </test-method> <!-- ShouldBeAbleToCreatePlaylist -->
        <test-method is-config="true" signature="beforeMethod(java.lang.reflect.Method)[pri:0, instance:com.spotify.oauth2.tests.PlaylistTests@1d25c1c]" started-at="2023-08-15T00:44:12 IST" name="beforeMethod" finished-at="2023-08-15T00:44:12 IST" duration-ms="0" status="PASS">
          <params>
            <param index="0">
              <value>
                <![CDATA[public void com.spotify.oauth2.tests.PlaylistTests.ShouldBeAbleToCreatePlaylist_negative_scenario_expiredtoken()]]>
              </value>
            </param>
          </params>
          <reporter-output>
          </reporter-output>
        </test-method> <!-- beforeMethod -->
        <test-method signature="ShouldBeAbleToCreatePlaylist_negative_scenario_expiredtoken()[pri:0, instance:com.spotify.oauth2.tests.PlaylistTests@1d25c1c]" started-at="2023-08-15T00:44:12 IST" name="ShouldBeAbleToCreatePlaylist_negative_scenario_expiredtoken" finished-at="2023-08-15T00:44:12 IST" duration-ms="180" status="PASS">
          <reporter-output>
          </reporter-output>
        </test-method> <!-- ShouldBeAbleToCreatePlaylist_negative_scenario_expiredtoken -->
        <test-method is-config="true" signature="beforeMethod(java.lang.reflect.Method)[pri:0, instance:com.spotify.oauth2.tests.PlaylistTests@1d25c1c]" started-at="2023-08-15T00:44:12 IST" name="beforeMethod" finished-at="2023-08-15T00:44:12 IST" duration-ms="1" status="PASS">
          <params>
            <param index="0">
              <value>
                <![CDATA[public void com.spotify.oauth2.tests.PlaylistTests.ShouldBeAbleToCreatePlaylist_negative_scenario_namemissing()]]>
              </value>
            </param>
          </params>
          <reporter-output>
          </reporter-output>
        </test-method> <!-- beforeMethod -->
        <test-method signature="ShouldBeAbleToCreatePlaylist_negative_scenario_namemissing()[pri:0, instance:com.spotify.oauth2.tests.PlaylistTests@1d25c1c]" started-at="2023-08-15T00:44:12 IST" name="ShouldBeAbleToCreatePlaylist_negative_scenario_namemissing" finished-at="2023-08-15T00:44:13 IST" duration-ms="193" status="PASS">
          <reporter-output>
          </reporter-output>
        </test-method> <!-- ShouldBeAbleToCreatePlaylist_negative_scenario_namemissing -->
        <test-method is-config="true" signature="beforeMethod(java.lang.reflect.Method)[pri:0, instance:com.spotify.oauth2.tests.PlaylistTests@1d25c1c]" started-at="2023-08-15T00:44:13 IST" name="beforeMethod" finished-at="2023-08-15T00:44:13 IST" duration-ms="0" status="PASS">
          <params>
            <param index="0">
              <value>
                <![CDATA[public void com.spotify.oauth2.tests.PlaylistTests.UpdatePlaylist()]]>
              </value>
            </param>
          </params>
          <reporter-output>
          </reporter-output>
        </test-method> <!-- beforeMethod -->
        <test-method signature="UpdatePlaylist()[pri:0, instance:com.spotify.oauth2.tests.PlaylistTests@1d25c1c]" started-at="2023-08-15T00:44:13 IST" name="UpdatePlaylist" finished-at="2023-08-15T00:44:13 IST" duration-ms="344" status="PASS">
          <reporter-output>
          </reporter-output>
        </test-method> <!-- UpdatePlaylist -->
      </class> <!-- com.spotify.oauth2.tests.PlaylistTests -->
    </test> <!-- Default test -->
  </suite> <!-- Default suite -->
</testng-results>
