<?xml version="1.0" encoding="UTF-8"?>
<testng-results ignored="1" total="2" passed="1" failed="0" skipped="0">
  <reporter-output>
  </reporter-output>
  <suite started-at="2024-06-21T22:19:05 IST" name="Default suite" finished-at="2024-06-21T22:19:10 IST" duration-ms="5247">
    <groups>
    </groups>
    <test started-at="2024-06-21T22:19:05 IST" name="Default test" finished-at="2024-06-21T22:19:10 IST" duration-ms="5247">
      <class name="com.spotify.oauth2.tests.ArtistTests">
        <test-method is-config="true" signature="beforeMethod(java.lang.reflect.Method)[pri:0, instance:com.spotify.oauth2.tests.ArtistTests@174e1b69]" started-at="2024-06-21T22:19:05 IST" name="beforeMethod" finished-at="2024-06-21T22:19:05 IST" duration-ms="32" status="PASS">
          <params>
            <param index="0">
              <value>
                <![CDATA[public void com.spotify.oauth2.tests.ArtistTests.getSeveralArtists()]]>
              </value>
            </param>
          </params>
          <reporter-output>
          </reporter-output>
        </test-method> <!-- beforeMethod -->
        <test-method signature="getSeveralArtists()[pri:0, instance:com.spotify.oauth2.tests.ArtistTests@174e1b69]" started-at="2024-06-21T22:19:05 IST" name="getSeveralArtists" finished-at="2024-06-21T22:19:10 IST" duration-ms="4954" status="PASS">
          <reporter-output>
          </reporter-output>
        </test-method> <!-- getSeveralArtists -->
      </class> <!-- com.spotify.oauth2.tests.ArtistTests -->
    </test> <!-- Default test -->
  </suite> <!-- Default suite -->
</testng-results>
